   0  $accept : file $end

   1  file : declarations
   2       |

   3  declarations : declarations declaration
   4               | declaration

   5  declaration : variable ';'
   6              | function

   7  function : type tIDENTIFIER '!' '(' variables ')' '=' literal body
   8           | type tIDENTIFIER '(' variables ')'
   9           | type tIDENTIFIER '!' '(' ')' '=' literal body
  10           | '!' tIDENTIFIER '!' '(' variables ')' '=' literal body
  11           | '!' tIDENTIFIER '(' variables ')'
  12           | '!' tIDENTIFIER '!' '(' ')' '=' literal body

  13  body : block

  14  block : '{' declarations intructions '}'
  15        | '{' declarations '}'
  16        | '{' intructions '}'
  17        | '{' '}'

  18  type : '#'
  19       | '%'
  20       | '$'
  21       | '<' type '>'

  22  expr : literal
  23       | '-' expr
  24       | '~' expr
  25       | '+' expr
  26       | expr '+' expr
  27       | expr '-' expr
  28       | expr '*' expr
  29       | expr '/' expr
  30       | expr '%' expr
  31       | expr '<' expr
  32       | expr '>' expr
  33       | expr tGE expr
  34       | expr tLE expr
  35       | expr tNE expr
  36       | expr tEQ expr
  37       | expr '&' expr
  38       | expr '|' expr
  39       | '(' expr ')'
  40       | '[' expr ']'
  41       | lval
  42       | lval '=' expr
  43       | lval '?'
  44       | '@'
  45       | fun_call

  46  expressions : expressions ',' expr
  47              | expr

  48  fun_call : tIDENTIFIER '(' expressions ')'
  49           | tIDENTIFIER '(' ')'

  50  intructions : intruction
  51              | intructions intruction

  52  intruction : expr ';'
  53             | expr '!'
  54             | expr tPRINTLN
  55             | tBREAK
  56             | tCONTINUE
  57             | tRETURN
  58             | condition
  59             | iteration
  60             | block

  61  variables : variable
  62            | variable ',' variables

  63  variable : type tIDENTIFIER '!' '=' expr
  64           | type tIDENTIFIER '=' expr
  65           | type tIDENTIFIER '!'
  66           | type tIDENTIFIER '?'
  67           | type tIDENTIFIER

  68  iteration : '[' variables ';' expressions ';' expressions ']' intruction
  69            | '[' expressions ';' expressions ';' expressions ']' intruction
  70            | '[' ';' expressions ';' ']' intruction

  71  condition : '[' expr ']' '#' intruction
  72            | '[' expr ']' '?' intruction
  73            | '[' expr ']' '?' intruction ':' intruction

  74  lval : tIDENTIFIER
  75       | lval '[' expr ']'

  76  literal : tINTEGER
  77          | tDOUBLE
  78          | tSTRING

state 0
	$accept : . file $end  (0)
	file : .  (2)

	'<'  shift 1
	'%'  shift 2
	'!'  shift 3
	'#'  shift 4
	'$'  shift 5
	$end  reduce 2

	file  goto 6
	function  goto 7
	declaration  goto 8
	variable  goto 9
	declarations  goto 10
	type  goto 11


state 1
	type : '<' . type '>'  (21)

	'<'  shift 1
	'%'  shift 2
	'#'  shift 4
	'$'  shift 5
	.  error

	type  goto 12


state 2
	type : '%' .  (19)

	.  reduce 19


state 3
	function : '!' . tIDENTIFIER '!' '(' variables ')' '=' literal body  (10)
	function : '!' . tIDENTIFIER '(' variables ')'  (11)
	function : '!' . tIDENTIFIER '!' '(' ')' '=' literal body  (12)

	tIDENTIFIER  shift 13
	.  error


state 4
	type : '#' .  (18)

	.  reduce 18


state 5
	type : '$' .  (20)

	.  reduce 20


state 6
	$accept : file . $end  (0)

	$end  accept


state 7
	declaration : function .  (6)

	.  reduce 6


state 8
	declarations : declaration .  (4)

	.  reduce 4


state 9
	declaration : variable . ';'  (5)

	';'  shift 14
	.  error


state 10
	file : declarations .  (1)
	declarations : declarations . declaration  (3)

	'<'  shift 1
	'%'  shift 2
	'!'  shift 3
	'#'  shift 4
	'$'  shift 5
	$end  reduce 1

	function  goto 7
	declaration  goto 15
	variable  goto 9
	type  goto 11


state 11
	function : type . tIDENTIFIER '!' '(' variables ')' '=' literal body  (7)
	function : type . tIDENTIFIER '(' variables ')'  (8)
	function : type . tIDENTIFIER '!' '(' ')' '=' literal body  (9)
	variable : type . tIDENTIFIER '!' '=' expr  (63)
	variable : type . tIDENTIFIER '=' expr  (64)
	variable : type . tIDENTIFIER '!'  (65)
	variable : type . tIDENTIFIER '?'  (66)
	variable : type . tIDENTIFIER  (67)

	tIDENTIFIER  shift 16
	.  error


state 12
	type : '<' type . '>'  (21)

	'>'  shift 17
	.  error


state 13
	function : '!' tIDENTIFIER . '!' '(' variables ')' '=' literal body  (10)
	function : '!' tIDENTIFIER . '(' variables ')'  (11)
	function : '!' tIDENTIFIER . '!' '(' ')' '=' literal body  (12)

	'!'  shift 18
	'('  shift 19
	.  error


state 14
	declaration : variable ';' .  (5)

	.  reduce 5


state 15
	declarations : declarations declaration .  (3)

	.  reduce 3


state 16
	function : type tIDENTIFIER . '!' '(' variables ')' '=' literal body  (7)
	function : type tIDENTIFIER . '(' variables ')'  (8)
	function : type tIDENTIFIER . '!' '(' ')' '=' literal body  (9)
	variable : type tIDENTIFIER . '!' '=' expr  (63)
	variable : type tIDENTIFIER . '=' expr  (64)
	variable : type tIDENTIFIER . '!'  (65)
	variable : type tIDENTIFIER . '?'  (66)
	variable : type tIDENTIFIER .  (67)

	'='  shift 20
	'!'  shift 21
	'('  shift 22
	'?'  shift 23
	';'  reduce 67


state 17
	type : '<' type '>' .  (21)

	.  reduce 21


state 18
	function : '!' tIDENTIFIER '!' . '(' variables ')' '=' literal body  (10)
	function : '!' tIDENTIFIER '!' . '(' ')' '=' literal body  (12)

	'('  shift 24
	.  error


state 19
	function : '!' tIDENTIFIER '(' . variables ')'  (11)

	'<'  shift 1
	'%'  shift 2
	'#'  shift 4
	'$'  shift 5
	.  error

	variable  goto 25
	variables  goto 26
	type  goto 27


state 20
	variable : type tIDENTIFIER '=' . expr  (64)

	tINTEGER  shift 28
	tIDENTIFIER  shift 29
	tSTRING  shift 30
	tDOUBLE  shift 31
	'+'  shift 32
	'-'  shift 33
	'~'  shift 34
	'('  shift 35
	'['  shift 36
	'@'  shift 37
	.  error

	expr  goto 38
	literal  goto 39
	lval  goto 40
	fun_call  goto 41


state 21
	function : type tIDENTIFIER '!' . '(' variables ')' '=' literal body  (7)
	function : type tIDENTIFIER '!' . '(' ')' '=' literal body  (9)
	variable : type tIDENTIFIER '!' . '=' expr  (63)
	variable : type tIDENTIFIER '!' .  (65)

	'='  shift 42
	'('  shift 43
	';'  reduce 65


state 22
	function : type tIDENTIFIER '(' . variables ')'  (8)

	'<'  shift 1
	'%'  shift 2
	'#'  shift 4
	'$'  shift 5
	.  error

	variable  goto 25
	variables  goto 44
	type  goto 27


state 23
	variable : type tIDENTIFIER '?' .  (66)

	.  reduce 66


state 24
	function : '!' tIDENTIFIER '!' '(' . variables ')' '=' literal body  (10)
	function : '!' tIDENTIFIER '!' '(' . ')' '=' literal body  (12)

	'<'  shift 1
	'%'  shift 2
	')'  shift 45
	'#'  shift 4
	'$'  shift 5
	.  error

	variable  goto 25
	variables  goto 46
	type  goto 27


state 25
	variables : variable .  (61)
	variables : variable . ',' variables  (62)

	','  shift 47
	';'  reduce 61
	')'  reduce 61


state 26
	function : '!' tIDENTIFIER '(' variables . ')'  (11)

	')'  shift 48
	.  error


state 27
	variable : type . tIDENTIFIER '!' '=' expr  (63)
	variable : type . tIDENTIFIER '=' expr  (64)
	variable : type . tIDENTIFIER '!'  (65)
	variable : type . tIDENTIFIER '?'  (66)
	variable : type . tIDENTIFIER  (67)

	tIDENTIFIER  shift 49
	.  error


state 28
	literal : tINTEGER .  (76)

	.  reduce 76


state 29
	fun_call : tIDENTIFIER . '(' expressions ')'  (48)
	fun_call : tIDENTIFIER . '(' ')'  (49)
	lval : tIDENTIFIER .  (74)

	'('  shift 50
	tPRINTLN  reduce 74
	tGE  reduce 74
	tLE  reduce 74
	tEQ  reduce 74
	tNE  reduce 74
	'='  reduce 74
	'&'  reduce 74
	'|'  reduce 74
	'>'  reduce 74
	'<'  reduce 74
	'+'  reduce 74
	'-'  reduce 74
	'*'  reduce 74
	'/'  reduce 74
	'%'  reduce 74
	';'  reduce 74
	'!'  reduce 74
	')'  reduce 74
	'['  reduce 74
	']'  reduce 74
	'?'  reduce 74
	','  reduce 74


state 30
	literal : tSTRING .  (78)

	.  reduce 78


state 31
	literal : tDOUBLE .  (77)

	.  reduce 77


state 32
	expr : '+' . expr  (25)

	tINTEGER  shift 28
	tIDENTIFIER  shift 29
	tSTRING  shift 30
	tDOUBLE  shift 31
	'+'  shift 32
	'-'  shift 33
	'~'  shift 34
	'('  shift 35
	'['  shift 36
	'@'  shift 37
	.  error

	expr  goto 51
	literal  goto 39
	lval  goto 40
	fun_call  goto 41


state 33
	expr : '-' . expr  (23)

	tINTEGER  shift 28
	tIDENTIFIER  shift 29
	tSTRING  shift 30
	tDOUBLE  shift 31
	'+'  shift 32
	'-'  shift 33
	'~'  shift 34
	'('  shift 35
	'['  shift 36
	'@'  shift 37
	.  error

	expr  goto 52
	literal  goto 39
	lval  goto 40
	fun_call  goto 41


state 34
	expr : '~' . expr  (24)

	tINTEGER  shift 28
	tIDENTIFIER  shift 29
	tSTRING  shift 30
	tDOUBLE  shift 31
	'+'  shift 32
	'-'  shift 33
	'~'  shift 34
	'('  shift 35
	'['  shift 36
	'@'  shift 37
	.  error

	expr  goto 53
	literal  goto 39
	lval  goto 40
	fun_call  goto 41


state 35
	expr : '(' . expr ')'  (39)

	tINTEGER  shift 28
	tIDENTIFIER  shift 29
	tSTRING  shift 30
	tDOUBLE  shift 31
	'+'  shift 32
	'-'  shift 33
	'~'  shift 34
	'('  shift 35
	'['  shift 36
	'@'  shift 37
	.  error

	expr  goto 54
	literal  goto 39
	lval  goto 40
	fun_call  goto 41


state 36
	expr : '[' . expr ']'  (40)

	tINTEGER  shift 28
	tIDENTIFIER  shift 29
	tSTRING  shift 30
	tDOUBLE  shift 31
	'+'  shift 32
	'-'  shift 33
	'~'  shift 34
	'('  shift 35
	'['  shift 36
	'@'  shift 37
	.  error

	expr  goto 55
	literal  goto 39
	lval  goto 40
	fun_call  goto 41


state 37
	expr : '@' .  (44)

	.  reduce 44


state 38
	expr : expr . '+' expr  (26)
	expr : expr . '-' expr  (27)
	expr : expr . '*' expr  (28)
	expr : expr . '/' expr  (29)
	expr : expr . '%' expr  (30)
	expr : expr . '<' expr  (31)
	expr : expr . '>' expr  (32)
	expr : expr . tGE expr  (33)
	expr : expr . tLE expr  (34)
	expr : expr . tNE expr  (35)
	expr : expr . tEQ expr  (36)
	expr : expr . '&' expr  (37)
	expr : expr . '|' expr  (38)
	variable : type tIDENTIFIER '=' expr .  (64)

	tGE  shift 56
	tLE  shift 57
	tEQ  shift 58
	tNE  shift 59
	'&'  shift 60
	'|'  shift 61
	'>'  shift 62
	'<'  shift 63
	'+'  shift 64
	'-'  shift 65
	'*'  shift 66
	'/'  shift 67
	'%'  shift 68
	';'  reduce 64
	')'  reduce 64
	','  reduce 64


state 39
	expr : literal .  (22)

	.  reduce 22


state 40
	expr : lval .  (41)
	expr : lval . '=' expr  (42)
	expr : lval . '?'  (43)
	lval : lval . '[' expr ']'  (75)

	'='  shift 69
	'['  shift 70
	'?'  shift 71
	tPRINTLN  reduce 41
	tGE  reduce 41
	tLE  reduce 41
	tEQ  reduce 41
	tNE  reduce 41
	'&'  reduce 41
	'|'  reduce 41
	'>'  reduce 41
	'<'  reduce 41
	'+'  reduce 41
	'-'  reduce 41
	'*'  reduce 41
	'/'  reduce 41
	'%'  reduce 41
	';'  reduce 41
	'!'  reduce 41
	')'  reduce 41
	']'  reduce 41
	','  reduce 41


state 41
	expr : fun_call .  (45)

	.  reduce 45


state 42
	variable : type tIDENTIFIER '!' '=' . expr  (63)

	tINTEGER  shift 28
	tIDENTIFIER  shift 29
	tSTRING  shift 30
	tDOUBLE  shift 31
	'+'  shift 32
	'-'  shift 33
	'~'  shift 34
	'('  shift 35
	'['  shift 36
	'@'  shift 37
	.  error

	expr  goto 72
	literal  goto 39
	lval  goto 40
	fun_call  goto 41


state 43
	function : type tIDENTIFIER '!' '(' . variables ')' '=' literal body  (7)
	function : type tIDENTIFIER '!' '(' . ')' '=' literal body  (9)

	'<'  shift 1
	'%'  shift 2
	')'  shift 73
	'#'  shift 4
	'$'  shift 5
	.  error

	variable  goto 25
	variables  goto 74
	type  goto 27


state 44
	function : type tIDENTIFIER '(' variables . ')'  (8)

	')'  shift 75
	.  error


state 45
	function : '!' tIDENTIFIER '!' '(' ')' . '=' literal body  (12)

	'='  shift 76
	.  error


state 46
	function : '!' tIDENTIFIER '!' '(' variables . ')' '=' literal body  (10)

	')'  shift 77
	.  error


state 47
	variables : variable ',' . variables  (62)

	'<'  shift 1
	'%'  shift 2
	'#'  shift 4
	'$'  shift 5
	.  error

	variable  goto 25
	variables  goto 78
	type  goto 27


state 48
	function : '!' tIDENTIFIER '(' variables ')' .  (11)

	.  reduce 11


state 49
	variable : type tIDENTIFIER . '!' '=' expr  (63)
	variable : type tIDENTIFIER . '=' expr  (64)
	variable : type tIDENTIFIER . '!'  (65)
	variable : type tIDENTIFIER . '?'  (66)
	variable : type tIDENTIFIER .  (67)

	'='  shift 20
	'!'  shift 79
	'?'  shift 23
	';'  reduce 67
	')'  reduce 67
	','  reduce 67


state 50
	fun_call : tIDENTIFIER '(' . expressions ')'  (48)
	fun_call : tIDENTIFIER '(' . ')'  (49)

	tINTEGER  shift 28
	tIDENTIFIER  shift 29
	tSTRING  shift 30
	tDOUBLE  shift 31
	'+'  shift 32
	'-'  shift 33
	'~'  shift 34
	'('  shift 35
	')'  shift 80
	'['  shift 36
	'@'  shift 37
	.  error

	expressions  goto 81
	expr  goto 82
	literal  goto 39
	lval  goto 40
	fun_call  goto 41


state 51
	expr : '+' expr .  (25)
	expr : expr . '+' expr  (26)
	expr : expr . '-' expr  (27)
	expr : expr . '*' expr  (28)
	expr : expr . '/' expr  (29)
	expr : expr . '%' expr  (30)
	expr : expr . '<' expr  (31)
	expr : expr . '>' expr  (32)
	expr : expr . tGE expr  (33)
	expr : expr . tLE expr  (34)
	expr : expr . tNE expr  (35)
	expr : expr . tEQ expr  (36)
	expr : expr . '&' expr  (37)
	expr : expr . '|' expr  (38)

	.  reduce 25


state 52
	expr : '-' expr .  (23)
	expr : expr . '+' expr  (26)
	expr : expr . '-' expr  (27)
	expr : expr . '*' expr  (28)
	expr : expr . '/' expr  (29)
	expr : expr . '%' expr  (30)
	expr : expr . '<' expr  (31)
	expr : expr . '>' expr  (32)
	expr : expr . tGE expr  (33)
	expr : expr . tLE expr  (34)
	expr : expr . tNE expr  (35)
	expr : expr . tEQ expr  (36)
	expr : expr . '&' expr  (37)
	expr : expr . '|' expr  (38)

	.  reduce 23


state 53
	expr : '~' expr .  (24)
	expr : expr . '+' expr  (26)
	expr : expr . '-' expr  (27)
	expr : expr . '*' expr  (28)
	expr : expr . '/' expr  (29)
	expr : expr . '%' expr  (30)
	expr : expr . '<' expr  (31)
	expr : expr . '>' expr  (32)
	expr : expr . tGE expr  (33)
	expr : expr . tLE expr  (34)
	expr : expr . tNE expr  (35)
	expr : expr . tEQ expr  (36)
	expr : expr . '&' expr  (37)
	expr : expr . '|' expr  (38)

	.  reduce 24


state 54
	expr : expr . '+' expr  (26)
	expr : expr . '-' expr  (27)
	expr : expr . '*' expr  (28)
	expr : expr . '/' expr  (29)
	expr : expr . '%' expr  (30)
	expr : expr . '<' expr  (31)
	expr : expr . '>' expr  (32)
	expr : expr . tGE expr  (33)
	expr : expr . tLE expr  (34)
	expr : expr . tNE expr  (35)
	expr : expr . tEQ expr  (36)
	expr : expr . '&' expr  (37)
	expr : expr . '|' expr  (38)
	expr : '(' expr . ')'  (39)

	tGE  shift 56
	tLE  shift 57
	tEQ  shift 58
	tNE  shift 59
	'&'  shift 60
	'|'  shift 61
	'>'  shift 62
	'<'  shift 63
	'+'  shift 64
	'-'  shift 65
	'*'  shift 66
	'/'  shift 67
	'%'  shift 68
	')'  shift 83
	.  error


state 55
	expr : expr . '+' expr  (26)
	expr : expr . '-' expr  (27)
	expr : expr . '*' expr  (28)
	expr : expr . '/' expr  (29)
	expr : expr . '%' expr  (30)
	expr : expr . '<' expr  (31)
	expr : expr . '>' expr  (32)
	expr : expr . tGE expr  (33)
	expr : expr . tLE expr  (34)
	expr : expr . tNE expr  (35)
	expr : expr . tEQ expr  (36)
	expr : expr . '&' expr  (37)
	expr : expr . '|' expr  (38)
	expr : '[' expr . ']'  (40)

	tGE  shift 56
	tLE  shift 57
	tEQ  shift 58
	tNE  shift 59
	'&'  shift 60
	'|'  shift 61
	'>'  shift 62
	'<'  shift 63
	'+'  shift 64
	'-'  shift 65
	'*'  shift 66
	'/'  shift 67
	'%'  shift 68
	']'  shift 84
	.  error


state 56
	expr : expr tGE . expr  (33)

	tINTEGER  shift 28
	tIDENTIFIER  shift 29
	tSTRING  shift 30
	tDOUBLE  shift 31
	'+'  shift 32
	'-'  shift 33
	'~'  shift 34
	'('  shift 35
	'['  shift 36
	'@'  shift 37
	.  error

	expr  goto 85
	literal  goto 39
	lval  goto 40
	fun_call  goto 41


state 57
	expr : expr tLE . expr  (34)

	tINTEGER  shift 28
	tIDENTIFIER  shift 29
	tSTRING  shift 30
	tDOUBLE  shift 31
	'+'  shift 32
	'-'  shift 33
	'~'  shift 34
	'('  shift 35
	'['  shift 36
	'@'  shift 37
	.  error

	expr  goto 86
	literal  goto 39
	lval  goto 40
	fun_call  goto 41


state 58
	expr : expr tEQ . expr  (36)

	tINTEGER  shift 28
	tIDENTIFIER  shift 29
	tSTRING  shift 30
	tDOUBLE  shift 31
	'+'  shift 32
	'-'  shift 33
	'~'  shift 34
	'('  shift 35
	'['  shift 36
	'@'  shift 37
	.  error

	expr  goto 87
	literal  goto 39
	lval  goto 40
	fun_call  goto 41


state 59
	expr : expr tNE . expr  (35)

	tINTEGER  shift 28
	tIDENTIFIER  shift 29
	tSTRING  shift 30
	tDOUBLE  shift 31
	'+'  shift 32
	'-'  shift 33
	'~'  shift 34
	'('  shift 35
	'['  shift 36
	'@'  shift 37
	.  error

	expr  goto 88
	literal  goto 39
	lval  goto 40
	fun_call  goto 41


state 60
	expr : expr '&' . expr  (37)

	tINTEGER  shift 28
	tIDENTIFIER  shift 29
	tSTRING  shift 30
	tDOUBLE  shift 31
	'+'  shift 32
	'-'  shift 33
	'~'  shift 34
	'('  shift 35
	'['  shift 36
	'@'  shift 37
	.  error

	expr  goto 89
	literal  goto 39
	lval  goto 40
	fun_call  goto 41


state 61
	expr : expr '|' . expr  (38)

	tINTEGER  shift 28
	tIDENTIFIER  shift 29
	tSTRING  shift 30
	tDOUBLE  shift 31
	'+'  shift 32
	'-'  shift 33
	'~'  shift 34
	'('  shift 35
	'['  shift 36
	'@'  shift 37
	.  error

	expr  goto 90
	literal  goto 39
	lval  goto 40
	fun_call  goto 41


state 62
	expr : expr '>' . expr  (32)

	tINTEGER  shift 28
	tIDENTIFIER  shift 29
	tSTRING  shift 30
	tDOUBLE  shift 31
	'+'  shift 32
	'-'  shift 33
	'~'  shift 34
	'('  shift 35
	'['  shift 36
	'@'  shift 37
	.  error

	expr  goto 91
	literal  goto 39
	lval  goto 40
	fun_call  goto 41


state 63
	expr : expr '<' . expr  (31)

	tINTEGER  shift 28
	tIDENTIFIER  shift 29
	tSTRING  shift 30
	tDOUBLE  shift 31
	'+'  shift 32
	'-'  shift 33
	'~'  shift 34
	'('  shift 35
	'['  shift 36
	'@'  shift 37
	.  error

	expr  goto 92
	literal  goto 39
	lval  goto 40
	fun_call  goto 41


state 64
	expr : expr '+' . expr  (26)

	tINTEGER  shift 28
	tIDENTIFIER  shift 29
	tSTRING  shift 30
	tDOUBLE  shift 31
	'+'  shift 32
	'-'  shift 33
	'~'  shift 34
	'('  shift 35
	'['  shift 36
	'@'  shift 37
	.  error

	expr  goto 93
	literal  goto 39
	lval  goto 40
	fun_call  goto 41


state 65
	expr : expr '-' . expr  (27)

	tINTEGER  shift 28
	tIDENTIFIER  shift 29
	tSTRING  shift 30
	tDOUBLE  shift 31
	'+'  shift 32
	'-'  shift 33
	'~'  shift 34
	'('  shift 35
	'['  shift 36
	'@'  shift 37
	.  error

	expr  goto 94
	literal  goto 39
	lval  goto 40
	fun_call  goto 41


state 66
	expr : expr '*' . expr  (28)

	tINTEGER  shift 28
	tIDENTIFIER  shift 29
	tSTRING  shift 30
	tDOUBLE  shift 31
	'+'  shift 32
	'-'  shift 33
	'~'  shift 34
	'('  shift 35
	'['  shift 36
	'@'  shift 37
	.  error

	expr  goto 95
	literal  goto 39
	lval  goto 40
	fun_call  goto 41


state 67
	expr : expr '/' . expr  (29)

	tINTEGER  shift 28
	tIDENTIFIER  shift 29
	tSTRING  shift 30
	tDOUBLE  shift 31
	'+'  shift 32
	'-'  shift 33
	'~'  shift 34
	'('  shift 35
	'['  shift 36
	'@'  shift 37
	.  error

	expr  goto 96
	literal  goto 39
	lval  goto 40
	fun_call  goto 41


state 68
	expr : expr '%' . expr  (30)

	tINTEGER  shift 28
	tIDENTIFIER  shift 29
	tSTRING  shift 30
	tDOUBLE  shift 31
	'+'  shift 32
	'-'  shift 33
	'~'  shift 34
	'('  shift 35
	'['  shift 36
	'@'  shift 37
	.  error

	expr  goto 97
	literal  goto 39
	lval  goto 40
	fun_call  goto 41


state 69
	expr : lval '=' . expr  (42)

	tINTEGER  shift 28
	tIDENTIFIER  shift 29
	tSTRING  shift 30
	tDOUBLE  shift 31
	'+'  shift 32
	'-'  shift 33
	'~'  shift 34
	'('  shift 35
	'['  shift 36
	'@'  shift 37
	.  error

	expr  goto 98
	literal  goto 39
	lval  goto 40
	fun_call  goto 41


state 70
	lval : lval '[' . expr ']'  (75)

	tINTEGER  shift 28
	tIDENTIFIER  shift 29
	tSTRING  shift 30
	tDOUBLE  shift 31
	'+'  shift 32
	'-'  shift 33
	'~'  shift 34
	'('  shift 35
	'['  shift 36
	'@'  shift 37
	.  error

	expr  goto 99
	literal  goto 39
	lval  goto 40
	fun_call  goto 41


state 71
	expr : lval '?' .  (43)

	.  reduce 43


state 72
	expr : expr . '+' expr  (26)
	expr : expr . '-' expr  (27)
	expr : expr . '*' expr  (28)
	expr : expr . '/' expr  (29)
	expr : expr . '%' expr  (30)
	expr : expr . '<' expr  (31)
	expr : expr . '>' expr  (32)
	expr : expr . tGE expr  (33)
	expr : expr . tLE expr  (34)
	expr : expr . tNE expr  (35)
	expr : expr . tEQ expr  (36)
	expr : expr . '&' expr  (37)
	expr : expr . '|' expr  (38)
	variable : type tIDENTIFIER '!' '=' expr .  (63)

	tGE  shift 56
	tLE  shift 57
	tEQ  shift 58
	tNE  shift 59
	'&'  shift 60
	'|'  shift 61
	'>'  shift 62
	'<'  shift 63
	'+'  shift 64
	'-'  shift 65
	'*'  shift 66
	'/'  shift 67
	'%'  shift 68
	';'  reduce 63
	')'  reduce 63
	','  reduce 63


state 73
	function : type tIDENTIFIER '!' '(' ')' . '=' literal body  (9)

	'='  shift 100
	.  error


state 74
	function : type tIDENTIFIER '!' '(' variables . ')' '=' literal body  (7)

	')'  shift 101
	.  error


state 75
	function : type tIDENTIFIER '(' variables ')' .  (8)

	.  reduce 8


state 76
	function : '!' tIDENTIFIER '!' '(' ')' '=' . literal body  (12)

	tINTEGER  shift 28
	tSTRING  shift 30
	tDOUBLE  shift 31
	.  error

	literal  goto 102


state 77
	function : '!' tIDENTIFIER '!' '(' variables ')' . '=' literal body  (10)

	'='  shift 103
	.  error


state 78
	variables : variable ',' variables .  (62)

	.  reduce 62


state 79
	variable : type tIDENTIFIER '!' . '=' expr  (63)
	variable : type tIDENTIFIER '!' .  (65)

	'='  shift 42
	';'  reduce 65
	')'  reduce 65
	','  reduce 65


state 80
	fun_call : tIDENTIFIER '(' ')' .  (49)

	.  reduce 49


state 81
	expressions : expressions . ',' expr  (46)
	fun_call : tIDENTIFIER '(' expressions . ')'  (48)

	')'  shift 104
	','  shift 105
	.  error


state 82
	expr : expr . '+' expr  (26)
	expr : expr . '-' expr  (27)
	expr : expr . '*' expr  (28)
	expr : expr . '/' expr  (29)
	expr : expr . '%' expr  (30)
	expr : expr . '<' expr  (31)
	expr : expr . '>' expr  (32)
	expr : expr . tGE expr  (33)
	expr : expr . tLE expr  (34)
	expr : expr . tNE expr  (35)
	expr : expr . tEQ expr  (36)
	expr : expr . '&' expr  (37)
	expr : expr . '|' expr  (38)
	expressions : expr .  (47)

	tGE  shift 56
	tLE  shift 57
	tEQ  shift 58
	tNE  shift 59
	'&'  shift 60
	'|'  shift 61
	'>'  shift 62
	'<'  shift 63
	'+'  shift 64
	'-'  shift 65
	'*'  shift 66
	'/'  shift 67
	'%'  shift 68
	';'  reduce 47
	')'  reduce 47
	']'  reduce 47
	','  reduce 47


state 83
	expr : '(' expr ')' .  (39)

	.  reduce 39


state 84
	expr : '[' expr ']' .  (40)

	.  reduce 40


state 85
	expr : expr . '+' expr  (26)
	expr : expr . '-' expr  (27)
	expr : expr . '*' expr  (28)
	expr : expr . '/' expr  (29)
	expr : expr . '%' expr  (30)
	expr : expr . '<' expr  (31)
	expr : expr . '>' expr  (32)
	expr : expr . tGE expr  (33)
	expr : expr tGE expr .  (33)
	expr : expr . tLE expr  (34)
	expr : expr . tNE expr  (35)
	expr : expr . tEQ expr  (36)
	expr : expr . '&' expr  (37)
	expr : expr . '|' expr  (38)

	'+'  shift 64
	'-'  shift 65
	'*'  shift 66
	'/'  shift 67
	'%'  shift 68
	tPRINTLN  reduce 33
	tGE  reduce 33
	tLE  reduce 33
	tEQ  reduce 33
	tNE  reduce 33
	'&'  reduce 33
	'|'  reduce 33
	'>'  reduce 33
	'<'  reduce 33
	';'  reduce 33
	'!'  reduce 33
	')'  reduce 33
	']'  reduce 33
	','  reduce 33


state 86
	expr : expr . '+' expr  (26)
	expr : expr . '-' expr  (27)
	expr : expr . '*' expr  (28)
	expr : expr . '/' expr  (29)
	expr : expr . '%' expr  (30)
	expr : expr . '<' expr  (31)
	expr : expr . '>' expr  (32)
	expr : expr . tGE expr  (33)
	expr : expr . tLE expr  (34)
	expr : expr tLE expr .  (34)
	expr : expr . tNE expr  (35)
	expr : expr . tEQ expr  (36)
	expr : expr . '&' expr  (37)
	expr : expr . '|' expr  (38)

	'+'  shift 64
	'-'  shift 65
	'*'  shift 66
	'/'  shift 67
	'%'  shift 68
	tPRINTLN  reduce 34
	tGE  reduce 34
	tLE  reduce 34
	tEQ  reduce 34
	tNE  reduce 34
	'&'  reduce 34
	'|'  reduce 34
	'>'  reduce 34
	'<'  reduce 34
	';'  reduce 34
	'!'  reduce 34
	')'  reduce 34
	']'  reduce 34
	','  reduce 34


state 87
	expr : expr . '+' expr  (26)
	expr : expr . '-' expr  (27)
	expr : expr . '*' expr  (28)
	expr : expr . '/' expr  (29)
	expr : expr . '%' expr  (30)
	expr : expr . '<' expr  (31)
	expr : expr . '>' expr  (32)
	expr : expr . tGE expr  (33)
	expr : expr . tLE expr  (34)
	expr : expr . tNE expr  (35)
	expr : expr . tEQ expr  (36)
	expr : expr tEQ expr .  (36)
	expr : expr . '&' expr  (37)
	expr : expr . '|' expr  (38)

	'+'  shift 64
	'-'  shift 65
	'*'  shift 66
	'/'  shift 67
	'%'  shift 68
	tPRINTLN  reduce 36
	tGE  reduce 36
	tLE  reduce 36
	tEQ  reduce 36
	tNE  reduce 36
	'&'  reduce 36
	'|'  reduce 36
	'>'  reduce 36
	'<'  reduce 36
	';'  reduce 36
	'!'  reduce 36
	')'  reduce 36
	']'  reduce 36
	','  reduce 36


state 88
	expr : expr . '+' expr  (26)
	expr : expr . '-' expr  (27)
	expr : expr . '*' expr  (28)
	expr : expr . '/' expr  (29)
	expr : expr . '%' expr  (30)
	expr : expr . '<' expr  (31)
	expr : expr . '>' expr  (32)
	expr : expr . tGE expr  (33)
	expr : expr . tLE expr  (34)
	expr : expr . tNE expr  (35)
	expr : expr tNE expr .  (35)
	expr : expr . tEQ expr  (36)
	expr : expr . '&' expr  (37)
	expr : expr . '|' expr  (38)

	'+'  shift 64
	'-'  shift 65
	'*'  shift 66
	'/'  shift 67
	'%'  shift 68
	tPRINTLN  reduce 35
	tGE  reduce 35
	tLE  reduce 35
	tEQ  reduce 35
	tNE  reduce 35
	'&'  reduce 35
	'|'  reduce 35
	'>'  reduce 35
	'<'  reduce 35
	';'  reduce 35
	'!'  reduce 35
	')'  reduce 35
	']'  reduce 35
	','  reduce 35


state 89
	expr : expr . '+' expr  (26)
	expr : expr . '-' expr  (27)
	expr : expr . '*' expr  (28)
	expr : expr . '/' expr  (29)
	expr : expr . '%' expr  (30)
	expr : expr . '<' expr  (31)
	expr : expr . '>' expr  (32)
	expr : expr . tGE expr  (33)
	expr : expr . tLE expr  (34)
	expr : expr . tNE expr  (35)
	expr : expr . tEQ expr  (36)
	expr : expr . '&' expr  (37)
	expr : expr '&' expr .  (37)
	expr : expr . '|' expr  (38)

	tGE  shift 56
	tLE  shift 57
	tEQ  shift 58
	tNE  shift 59
	'>'  shift 62
	'<'  shift 63
	'+'  shift 64
	'-'  shift 65
	'*'  shift 66
	'/'  shift 67
	'%'  shift 68
	tPRINTLN  reduce 37
	'&'  reduce 37
	'|'  reduce 37
	';'  reduce 37
	'!'  reduce 37
	')'  reduce 37
	']'  reduce 37
	','  reduce 37


state 90
	expr : expr . '+' expr  (26)
	expr : expr . '-' expr  (27)
	expr : expr . '*' expr  (28)
	expr : expr . '/' expr  (29)
	expr : expr . '%' expr  (30)
	expr : expr . '<' expr  (31)
	expr : expr . '>' expr  (32)
	expr : expr . tGE expr  (33)
	expr : expr . tLE expr  (34)
	expr : expr . tNE expr  (35)
	expr : expr . tEQ expr  (36)
	expr : expr . '&' expr  (37)
	expr : expr . '|' expr  (38)
	expr : expr '|' expr .  (38)

	tGE  shift 56
	tLE  shift 57
	tEQ  shift 58
	tNE  shift 59
	'>'  shift 62
	'<'  shift 63
	'+'  shift 64
	'-'  shift 65
	'*'  shift 66
	'/'  shift 67
	'%'  shift 68
	tPRINTLN  reduce 38
	'&'  reduce 38
	'|'  reduce 38
	';'  reduce 38
	'!'  reduce 38
	')'  reduce 38
	']'  reduce 38
	','  reduce 38


state 91
	expr : expr . '+' expr  (26)
	expr : expr . '-' expr  (27)
	expr : expr . '*' expr  (28)
	expr : expr . '/' expr  (29)
	expr : expr . '%' expr  (30)
	expr : expr . '<' expr  (31)
	expr : expr . '>' expr  (32)
	expr : expr '>' expr .  (32)
	expr : expr . tGE expr  (33)
	expr : expr . tLE expr  (34)
	expr : expr . tNE expr  (35)
	expr : expr . tEQ expr  (36)
	expr : expr . '&' expr  (37)
	expr : expr . '|' expr  (38)

	'+'  shift 64
	'-'  shift 65
	'*'  shift 66
	'/'  shift 67
	'%'  shift 68
	tPRINTLN  reduce 32
	tGE  reduce 32
	tLE  reduce 32
	tEQ  reduce 32
	tNE  reduce 32
	'&'  reduce 32
	'|'  reduce 32
	'>'  reduce 32
	'<'  reduce 32
	';'  reduce 32
	'!'  reduce 32
	')'  reduce 32
	']'  reduce 32
	','  reduce 32


state 92
	expr : expr . '+' expr  (26)
	expr : expr . '-' expr  (27)
	expr : expr . '*' expr  (28)
	expr : expr . '/' expr  (29)
	expr : expr . '%' expr  (30)
	expr : expr . '<' expr  (31)
	expr : expr '<' expr .  (31)
	expr : expr . '>' expr  (32)
	expr : expr . tGE expr  (33)
	expr : expr . tLE expr  (34)
	expr : expr . tNE expr  (35)
	expr : expr . tEQ expr  (36)
	expr : expr . '&' expr  (37)
	expr : expr . '|' expr  (38)

	'+'  shift 64
	'-'  shift 65
	'*'  shift 66
	'/'  shift 67
	'%'  shift 68
	tPRINTLN  reduce 31
	tGE  reduce 31
	tLE  reduce 31
	tEQ  reduce 31
	tNE  reduce 31
	'&'  reduce 31
	'|'  reduce 31
	'>'  reduce 31
	'<'  reduce 31
	';'  reduce 31
	'!'  reduce 31
	')'  reduce 31
	']'  reduce 31
	','  reduce 31


state 93
	expr : expr . '+' expr  (26)
	expr : expr '+' expr .  (26)
	expr : expr . '-' expr  (27)
	expr : expr . '*' expr  (28)
	expr : expr . '/' expr  (29)
	expr : expr . '%' expr  (30)
	expr : expr . '<' expr  (31)
	expr : expr . '>' expr  (32)
	expr : expr . tGE expr  (33)
	expr : expr . tLE expr  (34)
	expr : expr . tNE expr  (35)
	expr : expr . tEQ expr  (36)
	expr : expr . '&' expr  (37)
	expr : expr . '|' expr  (38)

	'*'  shift 66
	'/'  shift 67
	'%'  shift 68
	tPRINTLN  reduce 26
	tGE  reduce 26
	tLE  reduce 26
	tEQ  reduce 26
	tNE  reduce 26
	'&'  reduce 26
	'|'  reduce 26
	'>'  reduce 26
	'<'  reduce 26
	'+'  reduce 26
	'-'  reduce 26
	';'  reduce 26
	'!'  reduce 26
	')'  reduce 26
	']'  reduce 26
	','  reduce 26


state 94
	expr : expr . '+' expr  (26)
	expr : expr . '-' expr  (27)
	expr : expr '-' expr .  (27)
	expr : expr . '*' expr  (28)
	expr : expr . '/' expr  (29)
	expr : expr . '%' expr  (30)
	expr : expr . '<' expr  (31)
	expr : expr . '>' expr  (32)
	expr : expr . tGE expr  (33)
	expr : expr . tLE expr  (34)
	expr : expr . tNE expr  (35)
	expr : expr . tEQ expr  (36)
	expr : expr . '&' expr  (37)
	expr : expr . '|' expr  (38)

	'*'  shift 66
	'/'  shift 67
	'%'  shift 68
	tPRINTLN  reduce 27
	tGE  reduce 27
	tLE  reduce 27
	tEQ  reduce 27
	tNE  reduce 27
	'&'  reduce 27
	'|'  reduce 27
	'>'  reduce 27
	'<'  reduce 27
	'+'  reduce 27
	'-'  reduce 27
	';'  reduce 27
	'!'  reduce 27
	')'  reduce 27
	']'  reduce 27
	','  reduce 27


state 95
	expr : expr . '+' expr  (26)
	expr : expr . '-' expr  (27)
	expr : expr . '*' expr  (28)
	expr : expr '*' expr .  (28)
	expr : expr . '/' expr  (29)
	expr : expr . '%' expr  (30)
	expr : expr . '<' expr  (31)
	expr : expr . '>' expr  (32)
	expr : expr . tGE expr  (33)
	expr : expr . tLE expr  (34)
	expr : expr . tNE expr  (35)
	expr : expr . tEQ expr  (36)
	expr : expr . '&' expr  (37)
	expr : expr . '|' expr  (38)

	.  reduce 28


state 96
	expr : expr . '+' expr  (26)
	expr : expr . '-' expr  (27)
	expr : expr . '*' expr  (28)
	expr : expr . '/' expr  (29)
	expr : expr '/' expr .  (29)
	expr : expr . '%' expr  (30)
	expr : expr . '<' expr  (31)
	expr : expr . '>' expr  (32)
	expr : expr . tGE expr  (33)
	expr : expr . tLE expr  (34)
	expr : expr . tNE expr  (35)
	expr : expr . tEQ expr  (36)
	expr : expr . '&' expr  (37)
	expr : expr . '|' expr  (38)

	.  reduce 29


state 97
	expr : expr . '+' expr  (26)
	expr : expr . '-' expr  (27)
	expr : expr . '*' expr  (28)
	expr : expr . '/' expr  (29)
	expr : expr . '%' expr  (30)
	expr : expr '%' expr .  (30)
	expr : expr . '<' expr  (31)
	expr : expr . '>' expr  (32)
	expr : expr . tGE expr  (33)
	expr : expr . tLE expr  (34)
	expr : expr . tNE expr  (35)
	expr : expr . tEQ expr  (36)
	expr : expr . '&' expr  (37)
	expr : expr . '|' expr  (38)

	.  reduce 30


state 98
	expr : expr . '+' expr  (26)
	expr : expr . '-' expr  (27)
	expr : expr . '*' expr  (28)
	expr : expr . '/' expr  (29)
	expr : expr . '%' expr  (30)
	expr : expr . '<' expr  (31)
	expr : expr . '>' expr  (32)
	expr : expr . tGE expr  (33)
	expr : expr . tLE expr  (34)
	expr : expr . tNE expr  (35)
	expr : expr . tEQ expr  (36)
	expr : expr . '&' expr  (37)
	expr : expr . '|' expr  (38)
	expr : lval '=' expr .  (42)

	tGE  shift 56
	tLE  shift 57
	tEQ  shift 58
	tNE  shift 59
	'&'  shift 60
	'|'  shift 61
	'>'  shift 62
	'<'  shift 63
	'+'  shift 64
	'-'  shift 65
	'*'  shift 66
	'/'  shift 67
	'%'  shift 68
	tPRINTLN  reduce 42
	';'  reduce 42
	'!'  reduce 42
	')'  reduce 42
	']'  reduce 42
	','  reduce 42


state 99
	expr : expr . '+' expr  (26)
	expr : expr . '-' expr  (27)
	expr : expr . '*' expr  (28)
	expr : expr . '/' expr  (29)
	expr : expr . '%' expr  (30)
	expr : expr . '<' expr  (31)
	expr : expr . '>' expr  (32)
	expr : expr . tGE expr  (33)
	expr : expr . tLE expr  (34)
	expr : expr . tNE expr  (35)
	expr : expr . tEQ expr  (36)
	expr : expr . '&' expr  (37)
	expr : expr . '|' expr  (38)
	lval : lval '[' expr . ']'  (75)

	tGE  shift 56
	tLE  shift 57
	tEQ  shift 58
	tNE  shift 59
	'&'  shift 60
	'|'  shift 61
	'>'  shift 62
	'<'  shift 63
	'+'  shift 64
	'-'  shift 65
	'*'  shift 66
	'/'  shift 67
	'%'  shift 68
	']'  shift 106
	.  error


state 100
	function : type tIDENTIFIER '!' '(' ')' '=' . literal body  (9)

	tINTEGER  shift 28
	tSTRING  shift 30
	tDOUBLE  shift 31
	.  error

	literal  goto 107


state 101
	function : type tIDENTIFIER '!' '(' variables ')' . '=' literal body  (7)

	'='  shift 108
	.  error


state 102
	function : '!' tIDENTIFIER '!' '(' ')' '=' literal . body  (12)

	'{'  shift 109
	.  error

	body  goto 110
	block  goto 111


state 103
	function : '!' tIDENTIFIER '!' '(' variables ')' '=' . literal body  (10)

	tINTEGER  shift 28
	tSTRING  shift 30
	tDOUBLE  shift 31
	.  error

	literal  goto 112


state 104
	fun_call : tIDENTIFIER '(' expressions ')' .  (48)

	.  reduce 48


state 105
	expressions : expressions ',' . expr  (46)

	tINTEGER  shift 28
	tIDENTIFIER  shift 29
	tSTRING  shift 30
	tDOUBLE  shift 31
	'+'  shift 32
	'-'  shift 33
	'~'  shift 34
	'('  shift 35
	'['  shift 36
	'@'  shift 37
	.  error

	expr  goto 113
	literal  goto 39
	lval  goto 40
	fun_call  goto 41


state 106
	lval : lval '[' expr ']' .  (75)

	.  reduce 75


state 107
	function : type tIDENTIFIER '!' '(' ')' '=' literal . body  (9)

	'{'  shift 109
	.  error

	body  goto 114
	block  goto 111


state 108
	function : type tIDENTIFIER '!' '(' variables ')' '=' . literal body  (7)

	tINTEGER  shift 28
	tSTRING  shift 30
	tDOUBLE  shift 31
	.  error

	literal  goto 115


state 109
	block : '{' . declarations intructions '}'  (14)
	block : '{' . declarations '}'  (15)
	block : '{' . intructions '}'  (16)
	block : '{' . '}'  (17)

	tINTEGER  shift 28
	tIDENTIFIER  shift 29
	tSTRING  shift 30
	tDOUBLE  shift 31
	tRETURN  shift 116
	tBREAK  shift 117
	tCONTINUE  shift 118
	'<'  shift 1
	'+'  shift 32
	'-'  shift 33
	'%'  shift 2
	'~'  shift 34
	'!'  shift 3
	'('  shift 35
	'{'  shift 109
	'}'  shift 119
	'#'  shift 4
	'$'  shift 5
	'['  shift 120
	'@'  shift 37
	.  error

	function  goto 7
	intruction  goto 121
	declaration  goto 8
	condition  goto 122
	variable  goto 9
	declarations  goto 123
	block  goto 124
	intructions  goto 125
	expr  goto 126
	literal  goto 39
	lval  goto 40
	type  goto 11
	fun_call  goto 41
	iteration  goto 127


state 110
	function : '!' tIDENTIFIER '!' '(' ')' '=' literal body .  (12)

	.  reduce 12


state 111
	body : block .  (13)

	.  reduce 13


state 112
	function : '!' tIDENTIFIER '!' '(' variables ')' '=' literal . body  (10)

	'{'  shift 109
	.  error

	body  goto 128
	block  goto 111


state 113
	expr : expr . '+' expr  (26)
	expr : expr . '-' expr  (27)
	expr : expr . '*' expr  (28)
	expr : expr . '/' expr  (29)
	expr : expr . '%' expr  (30)
	expr : expr . '<' expr  (31)
	expr : expr . '>' expr  (32)
	expr : expr . tGE expr  (33)
	expr : expr . tLE expr  (34)
	expr : expr . tNE expr  (35)
	expr : expr . tEQ expr  (36)
	expr : expr . '&' expr  (37)
	expr : expr . '|' expr  (38)
	expressions : expressions ',' expr .  (46)

	tGE  shift 56
	tLE  shift 57
	tEQ  shift 58
	tNE  shift 59
	'&'  shift 60
	'|'  shift 61
	'>'  shift 62
	'<'  shift 63
	'+'  shift 64
	'-'  shift 65
	'*'  shift 66
	'/'  shift 67
	'%'  shift 68
	';'  reduce 46
	')'  reduce 46
	']'  reduce 46
	','  reduce 46


state 114
	function : type tIDENTIFIER '!' '(' ')' '=' literal body .  (9)

	.  reduce 9


state 115
	function : type tIDENTIFIER '!' '(' variables ')' '=' literal . body  (7)

	'{'  shift 109
	.  error

	body  goto 129
	block  goto 111


state 116
	intruction : tRETURN .  (57)

	.  reduce 57


state 117
	intruction : tBREAK .  (55)

	.  reduce 55


state 118
	intruction : tCONTINUE .  (56)

	.  reduce 56


state 119
	block : '{' '}' .  (17)

	.  reduce 17


state 120
	expr : '[' . expr ']'  (40)
	iteration : '[' . variables ';' expressions ';' expressions ']' intruction  (68)
	iteration : '[' . expressions ';' expressions ';' expressions ']' intruction  (69)
	iteration : '[' . ';' expressions ';' ']' intruction  (70)
	condition : '[' . expr ']' '#' intruction  (71)
	condition : '[' . expr ']' '?' intruction  (72)
	condition : '[' . expr ']' '?' intruction ':' intruction  (73)

	tINTEGER  shift 28
	tIDENTIFIER  shift 29
	tSTRING  shift 30
	tDOUBLE  shift 31
	'<'  shift 1
	'+'  shift 32
	'-'  shift 33
	'%'  shift 2
	'~'  shift 34
	';'  shift 130
	'('  shift 35
	'#'  shift 4
	'$'  shift 5
	'['  shift 36
	'@'  shift 37
	.  error

	variable  goto 25
	variables  goto 131
	expressions  goto 132
	expr  goto 133
	literal  goto 39
	lval  goto 40
	type  goto 27
	fun_call  goto 41


state 121
	intructions : intruction .  (50)

	.  reduce 50


state 122
	intruction : condition .  (58)

	.  reduce 58


state 123
	declarations : declarations . declaration  (3)
	block : '{' declarations . intructions '}'  (14)
	block : '{' declarations . '}'  (15)

	tINTEGER  shift 28
	tIDENTIFIER  shift 29
	tSTRING  shift 30
	tDOUBLE  shift 31
	tRETURN  shift 116
	tBREAK  shift 117
	tCONTINUE  shift 118
	'<'  shift 1
	'+'  shift 32
	'-'  shift 33
	'%'  shift 2
	'~'  shift 34
	'!'  shift 3
	'('  shift 35
	'{'  shift 109
	'}'  shift 134
	'#'  shift 4
	'$'  shift 5
	'['  shift 120
	'@'  shift 37
	.  error

	function  goto 7
	intruction  goto 121
	declaration  goto 15
	condition  goto 122
	variable  goto 9
	block  goto 124
	intructions  goto 135
	expr  goto 126
	literal  goto 39
	lval  goto 40
	type  goto 11
	fun_call  goto 41
	iteration  goto 127


state 124
	intruction : block .  (60)

	.  reduce 60


state 125
	block : '{' intructions . '}'  (16)
	intructions : intructions . intruction  (51)

	tINTEGER  shift 28
	tIDENTIFIER  shift 29
	tSTRING  shift 30
	tDOUBLE  shift 31
	tRETURN  shift 116
	tBREAK  shift 117
	tCONTINUE  shift 118
	'+'  shift 32
	'-'  shift 33
	'~'  shift 34
	'('  shift 35
	'{'  shift 109
	'}'  shift 136
	'['  shift 120
	'@'  shift 37
	.  error

	intruction  goto 137
	condition  goto 122
	block  goto 124
	expr  goto 126
	literal  goto 39
	lval  goto 40
	fun_call  goto 41
	iteration  goto 127


state 126
	expr : expr . '+' expr  (26)
	expr : expr . '-' expr  (27)
	expr : expr . '*' expr  (28)
	expr : expr . '/' expr  (29)
	expr : expr . '%' expr  (30)
	expr : expr . '<' expr  (31)
	expr : expr . '>' expr  (32)
	expr : expr . tGE expr  (33)
	expr : expr . tLE expr  (34)
	expr : expr . tNE expr  (35)
	expr : expr . tEQ expr  (36)
	expr : expr . '&' expr  (37)
	expr : expr . '|' expr  (38)
	intruction : expr . ';'  (52)
	intruction : expr . '!'  (53)
	intruction : expr . tPRINTLN  (54)

	tPRINTLN  shift 138
	tGE  shift 56
	tLE  shift 57
	tEQ  shift 58
	tNE  shift 59
	'&'  shift 60
	'|'  shift 61
	'>'  shift 62
	'<'  shift 63
	'+'  shift 64
	'-'  shift 65
	'*'  shift 66
	'/'  shift 67
	'%'  shift 68
	';'  shift 139
	'!'  shift 140
	.  error


state 127
	intruction : iteration .  (59)

	.  reduce 59


state 128
	function : '!' tIDENTIFIER '!' '(' variables ')' '=' literal body .  (10)

	.  reduce 10


state 129
	function : type tIDENTIFIER '!' '(' variables ')' '=' literal body .  (7)

	.  reduce 7


state 130
	iteration : '[' ';' . expressions ';' ']' intruction  (70)

	tINTEGER  shift 28
	tIDENTIFIER  shift 29
	tSTRING  shift 30
	tDOUBLE  shift 31
	'+'  shift 32
	'-'  shift 33
	'~'  shift 34
	'('  shift 35
	'['  shift 36
	'@'  shift 37
	.  error

	expressions  goto 141
	expr  goto 82
	literal  goto 39
	lval  goto 40
	fun_call  goto 41


state 131
	iteration : '[' variables . ';' expressions ';' expressions ']' intruction  (68)

	';'  shift 142
	.  error


state 132
	expressions : expressions . ',' expr  (46)
	iteration : '[' expressions . ';' expressions ';' expressions ']' intruction  (69)

	';'  shift 143
	','  shift 105
	.  error


state 133
	expr : expr . '+' expr  (26)
	expr : expr . '-' expr  (27)
	expr : expr . '*' expr  (28)
	expr : expr . '/' expr  (29)
	expr : expr . '%' expr  (30)
	expr : expr . '<' expr  (31)
	expr : expr . '>' expr  (32)
	expr : expr . tGE expr  (33)
	expr : expr . tLE expr  (34)
	expr : expr . tNE expr  (35)
	expr : expr . tEQ expr  (36)
	expr : expr . '&' expr  (37)
	expr : expr . '|' expr  (38)
	expr : '[' expr . ']'  (40)
	expressions : expr .  (47)
	condition : '[' expr . ']' '#' intruction  (71)
	condition : '[' expr . ']' '?' intruction  (72)
	condition : '[' expr . ']' '?' intruction ':' intruction  (73)

	tGE  shift 56
	tLE  shift 57
	tEQ  shift 58
	tNE  shift 59
	'&'  shift 60
	'|'  shift 61
	'>'  shift 62
	'<'  shift 63
	'+'  shift 64
	'-'  shift 65
	'*'  shift 66
	'/'  shift 67
	'%'  shift 68
	']'  shift 144
	';'  reduce 47
	','  reduce 47


state 134
	block : '{' declarations '}' .  (15)

	.  reduce 15


state 135
	block : '{' declarations intructions . '}'  (14)
	intructions : intructions . intruction  (51)

	tINTEGER  shift 28
	tIDENTIFIER  shift 29
	tSTRING  shift 30
	tDOUBLE  shift 31
	tRETURN  shift 116
	tBREAK  shift 117
	tCONTINUE  shift 118
	'+'  shift 32
	'-'  shift 33
	'~'  shift 34
	'('  shift 35
	'{'  shift 109
	'}'  shift 145
	'['  shift 120
	'@'  shift 37
	.  error

	intruction  goto 137
	condition  goto 122
	block  goto 124
	expr  goto 126
	literal  goto 39
	lval  goto 40
	fun_call  goto 41
	iteration  goto 127


state 136
	block : '{' intructions '}' .  (16)

	.  reduce 16


state 137
	intructions : intructions intruction .  (51)

	.  reduce 51


state 138
	intruction : expr tPRINTLN .  (54)

	.  reduce 54


state 139
	intruction : expr ';' .  (52)

	.  reduce 52


state 140
	intruction : expr '!' .  (53)

	.  reduce 53


state 141
	expressions : expressions . ',' expr  (46)
	iteration : '[' ';' expressions . ';' ']' intruction  (70)

	';'  shift 146
	','  shift 105
	.  error


state 142
	iteration : '[' variables ';' . expressions ';' expressions ']' intruction  (68)

	tINTEGER  shift 28
	tIDENTIFIER  shift 29
	tSTRING  shift 30
	tDOUBLE  shift 31
	'+'  shift 32
	'-'  shift 33
	'~'  shift 34
	'('  shift 35
	'['  shift 36
	'@'  shift 37
	.  error

	expressions  goto 147
	expr  goto 82
	literal  goto 39
	lval  goto 40
	fun_call  goto 41


state 143
	iteration : '[' expressions ';' . expressions ';' expressions ']' intruction  (69)

	tINTEGER  shift 28
	tIDENTIFIER  shift 29
	tSTRING  shift 30
	tDOUBLE  shift 31
	'+'  shift 32
	'-'  shift 33
	'~'  shift 34
	'('  shift 35
	'['  shift 36
	'@'  shift 37
	.  error

	expressions  goto 148
	expr  goto 82
	literal  goto 39
	lval  goto 40
	fun_call  goto 41


state 144
	expr : '[' expr ']' .  (40)
	condition : '[' expr ']' . '#' intruction  (71)
	condition : '[' expr ']' . '?' intruction  (72)
	condition : '[' expr ']' . '?' intruction ':' intruction  (73)

	'#'  shift 149
	'?'  shift 150
	tPRINTLN  reduce 40
	tGE  reduce 40
	tLE  reduce 40
	tEQ  reduce 40
	tNE  reduce 40
	'&'  reduce 40
	'|'  reduce 40
	'>'  reduce 40
	'<'  reduce 40
	'+'  reduce 40
	'-'  reduce 40
	'*'  reduce 40
	'/'  reduce 40
	'%'  reduce 40
	';'  reduce 40
	'!'  reduce 40


state 145
	block : '{' declarations intructions '}' .  (14)

	.  reduce 14


state 146
	iteration : '[' ';' expressions ';' . ']' intruction  (70)

	']'  shift 151
	.  error


state 147
	expressions : expressions . ',' expr  (46)
	iteration : '[' variables ';' expressions . ';' expressions ']' intruction  (68)

	';'  shift 152
	','  shift 105
	.  error


state 148
	expressions : expressions . ',' expr  (46)
	iteration : '[' expressions ';' expressions . ';' expressions ']' intruction  (69)

	';'  shift 153
	','  shift 105
	.  error


state 149
	condition : '[' expr ']' '#' . intruction  (71)

	tINTEGER  shift 28
	tIDENTIFIER  shift 29
	tSTRING  shift 30
	tDOUBLE  shift 31
	tRETURN  shift 116
	tBREAK  shift 117
	tCONTINUE  shift 118
	'+'  shift 32
	'-'  shift 33
	'~'  shift 34
	'('  shift 35
	'{'  shift 109
	'['  shift 120
	'@'  shift 37
	.  error

	intruction  goto 154
	condition  goto 122
	block  goto 124
	expr  goto 126
	literal  goto 39
	lval  goto 40
	fun_call  goto 41
	iteration  goto 127


state 150
	condition : '[' expr ']' '?' . intruction  (72)
	condition : '[' expr ']' '?' . intruction ':' intruction  (73)

	tINTEGER  shift 28
	tIDENTIFIER  shift 29
	tSTRING  shift 30
	tDOUBLE  shift 31
	tRETURN  shift 116
	tBREAK  shift 117
	tCONTINUE  shift 118
	'+'  shift 32
	'-'  shift 33
	'~'  shift 34
	'('  shift 35
	'{'  shift 109
	'['  shift 120
	'@'  shift 37
	.  error

	intruction  goto 155
	condition  goto 122
	block  goto 124
	expr  goto 126
	literal  goto 39
	lval  goto 40
	fun_call  goto 41
	iteration  goto 127


state 151
	iteration : '[' ';' expressions ';' ']' . intruction  (70)

	tINTEGER  shift 28
	tIDENTIFIER  shift 29
	tSTRING  shift 30
	tDOUBLE  shift 31
	tRETURN  shift 116
	tBREAK  shift 117
	tCONTINUE  shift 118
	'+'  shift 32
	'-'  shift 33
	'~'  shift 34
	'('  shift 35
	'{'  shift 109
	'['  shift 120
	'@'  shift 37
	.  error

	intruction  goto 156
	condition  goto 122
	block  goto 124
	expr  goto 126
	literal  goto 39
	lval  goto 40
	fun_call  goto 41
	iteration  goto 127


state 152
	iteration : '[' variables ';' expressions ';' . expressions ']' intruction  (68)

	tINTEGER  shift 28
	tIDENTIFIER  shift 29
	tSTRING  shift 30
	tDOUBLE  shift 31
	'+'  shift 32
	'-'  shift 33
	'~'  shift 34
	'('  shift 35
	'['  shift 36
	'@'  shift 37
	.  error

	expressions  goto 157
	expr  goto 82
	literal  goto 39
	lval  goto 40
	fun_call  goto 41


state 153
	iteration : '[' expressions ';' expressions ';' . expressions ']' intruction  (69)

	tINTEGER  shift 28
	tIDENTIFIER  shift 29
	tSTRING  shift 30
	tDOUBLE  shift 31
	'+'  shift 32
	'-'  shift 33
	'~'  shift 34
	'('  shift 35
	'['  shift 36
	'@'  shift 37
	.  error

	expressions  goto 158
	expr  goto 82
	literal  goto 39
	lval  goto 40
	fun_call  goto 41


state 154
	condition : '[' expr ']' '#' intruction .  (71)

	.  reduce 71


state 155
	condition : '[' expr ']' '?' intruction .  (72)
	condition : '[' expr ']' '?' intruction . ':' intruction  (73)

	':'  shift 159
	tINTEGER  reduce 72
	tIDENTIFIER  reduce 72
	tSTRING  reduce 72
	tDOUBLE  reduce 72
	tRETURN  reduce 72
	tBREAK  reduce 72
	tCONTINUE  reduce 72
	'+'  reduce 72
	'-'  reduce 72
	'~'  reduce 72
	'('  reduce 72
	'{'  reduce 72
	'}'  reduce 72
	'['  reduce 72
	'@'  reduce 72


state 156
	iteration : '[' ';' expressions ';' ']' intruction .  (70)

	.  reduce 70


state 157
	expressions : expressions . ',' expr  (46)
	iteration : '[' variables ';' expressions ';' expressions . ']' intruction  (68)

	']'  shift 160
	','  shift 105
	.  error


state 158
	expressions : expressions . ',' expr  (46)
	iteration : '[' expressions ';' expressions ';' expressions . ']' intruction  (69)

	']'  shift 161
	','  shift 105
	.  error


state 159
	condition : '[' expr ']' '?' intruction ':' . intruction  (73)

	tINTEGER  shift 28
	tIDENTIFIER  shift 29
	tSTRING  shift 30
	tDOUBLE  shift 31
	tRETURN  shift 116
	tBREAK  shift 117
	tCONTINUE  shift 118
	'+'  shift 32
	'-'  shift 33
	'~'  shift 34
	'('  shift 35
	'{'  shift 109
	'['  shift 120
	'@'  shift 37
	.  error

	intruction  goto 162
	condition  goto 122
	block  goto 124
	expr  goto 126
	literal  goto 39
	lval  goto 40
	fun_call  goto 41
	iteration  goto 127


state 160
	iteration : '[' variables ';' expressions ';' expressions ']' . intruction  (68)

	tINTEGER  shift 28
	tIDENTIFIER  shift 29
	tSTRING  shift 30
	tDOUBLE  shift 31
	tRETURN  shift 116
	tBREAK  shift 117
	tCONTINUE  shift 118
	'+'  shift 32
	'-'  shift 33
	'~'  shift 34
	'('  shift 35
	'{'  shift 109
	'['  shift 120
	'@'  shift 37
	.  error

	intruction  goto 163
	condition  goto 122
	block  goto 124
	expr  goto 126
	literal  goto 39
	lval  goto 40
	fun_call  goto 41
	iteration  goto 127


state 161
	iteration : '[' expressions ';' expressions ';' expressions ']' . intruction  (69)

	tINTEGER  shift 28
	tIDENTIFIER  shift 29
	tSTRING  shift 30
	tDOUBLE  shift 31
	tRETURN  shift 116
	tBREAK  shift 117
	tCONTINUE  shift 118
	'+'  shift 32
	'-'  shift 33
	'~'  shift 34
	'('  shift 35
	'{'  shift 109
	'['  shift 120
	'@'  shift 37
	.  error

	intruction  goto 164
	condition  goto 122
	block  goto 124
	expr  goto 126
	literal  goto 39
	lval  goto 40
	fun_call  goto 41
	iteration  goto 127


state 162
	condition : '[' expr ']' '?' intruction ':' intruction .  (73)

	.  reduce 73


state 163
	iteration : '[' variables ';' expressions ';' expressions ']' intruction .  (68)

	.  reduce 68


state 164
	iteration : '[' expressions ';' expressions ';' expressions ']' intruction .  (69)

	.  reduce 69


43 terminals, 19 nonterminals
79 grammar rules, 165 states
